2025-12-21 20:29:09,978 [ERROR] [cf322587888d1c34a9dbb81bb17324ac][/] Error creating OOXML extractor -> No valid entries or contents found, this is not a valid OOXML (Office Open XML) file -> Unexpected record signature: 0X2
2025-12-21 20:29:10,099 [ERROR] [86a28384f746939dc11a9a345a63c148][/] TIKA-198: Illegal IOException from org.apache.tika.parser.pdf.PDFParser@61ddfe70 -> Error: End-of-File, expected line
2025-12-21 20:29:10,271 [ERROR] [47236b6c4d5e138abef8acbd4b557e79][/] Error creating OOXML extractor -> No valid entries or contents found, this is not a valid OOXML (Office Open XML) file -> Unexpected record signature: 0X2
2025-12-21 20:29:10,355 [ERROR] [cb7439526af4d8b5dcf8da94eec369][/] image/png parse error -> I/O error reading PNG header! -> Bad PNG signature!
2025-12-21 20:29:10,361 [ERROR] [76714d42b2b6a611ef2c1e267f4ed][/] image/png parse error -> I/O error reading PNG header! -> Bad PNG signature!
2025-12-21 20:29:10,385 [ERROR] [57daaa301ce53ca6ded5a42bad83433c][/] Error creating OOXML extractor -> No valid entries or contents found, this is not a valid OOXML (Office Open XML) file -> Unexpected record signature: 0X2
2025-12-21 20:29:10,699 [ERROR] [9f5ca7f06de86e19434fef3c2de9fea][/] TIKA-198: Illegal IOException from org.apache.tika.parser.pdf.PDFParser@61ddfe70 -> Error: End-of-File, expected line
2025-12-21 20:29:10,745 [ERROR] [44f8011e966ecfe653bdb838b5f3635][/] Error creating OOXML extractor -> No valid entries or contents found, this is not a valid OOXML (Office Open XML) file -> Unexpected record signature: 0X2
2025-12-21 20:29:10,783 [ERROR] [c5a2d113e563aad39ccac029d3f44c6d][/] Error creating OOXML extractor -> No valid entries or contents found, this is not a valid OOXML (Office Open XML) file -> Unexpected record signature: 0X2
2025-12-21 20:29:11,093 [ERROR] [218c385167cafcd034eb326233c710][/] Error creating OOXML extractor -> No valid entries or contents found, this is not a valid OOXML (Office Open XML) file -> Unexpected record signature: 0X2
2025-12-21 20:29:11,122 [ERROR] [f11b4bd0fae96b892ec8e7a745308bd9][/] XML parse error -> Content is not allowed in prolog.
2025-12-21 20:29:11,301 [ERROR] [6d7f2a3a8f78b349fc23a46af13bd0cd][/] image/png parse error -> I/O error reading PNG header! -> Bad PNG signature!
2025-12-21 20:29:11,345 [ERROR] [52328fd06b8e28493981e7b51f6e3fd1][/] image/png parse error -> I/O error reading PNG header! -> Bad PNG signature!
2025-12-21 20:29:11,378 [ERROR] [198a2f169c9a19c9d8dea99c6e4252a6][/] TIKA-198: Illegal IOException from org.apache.tika.parser.pdf.PDFParser@61ddfe70 -> Error: End-of-File, expected line
2025-12-21 20:29:11,707 [ERROR] [f3e017188830d74590e13f3c800544c][/] Error creating OOXML extractor -> No valid entries or contents found, this is not a valid OOXML (Office Open XML) file -> Unexpected record signature: 0X2
2025-12-21 20:29:11,740 [ERROR] [e0488a4422bd47e963cbaf9af089e4c6][/] Error creating OOXML extractor -> No valid entries or contents found, this is not a valid OOXML (Office Open XML) file -> Unexpected record signature: 0X2
2025-12-21 20:29:11,792 [ERROR] [de6114db3116d793f364c2e3896852f][/] Error creating OOXML extractor -> No valid entries or contents found, this is not a valid OOXML (Office Open XML) file -> Unexpected record signature: 0X2
2025-12-21 20:29:11,828 [ERROR] [7862fcf01219c665928a7cdb53b54154][/] TIKA-198: Illegal IOException from org.apache.tika.parser.pdf.PDFParser@61ddfe70 -> Error: End-of-File, expected line
2025-12-21 20:29:12,003 [ERROR] [d41cb68f4c50fdcaf7bdb64c579c17e][/] image/png parse error -> I/O error reading PNG header! -> Bad PNG signature!
2025-12-21 20:29:12,054 [ERROR] [792fc2e126b7d24974ac4781d04fb8a][/] image/png parse error -> I/O error reading PNG header! -> Bad PNG signature!
2025-12-21 20:29:12,110 [ERROR] [83e11648b72311e41c6ff3eb546f3eb][/] Error creating OOXML extractor -> No valid entries or contents found, this is not a valid OOXML (Office Open XML) file -> Unexpected record signature: 0X2
2025-12-21 20:29:12,166 [ERROR] [28e2f8b1668f49f73edeadf2a5a021f4][/] image/png parse error -> I/O error reading PNG header! -> Bad PNG signature!
2025-12-21 20:29:12,230 [ERROR] [379127ecf5d330cdee498461c2e192f][/] TIKA-198: Illegal IOException from org.apache.tika.parser.pdf.PDFParser@61ddfe70 -> Error: End-of-File, expected line
2025-12-21 20:29:12,230 [ERROR] [18c75b9551af4642dee75a6db733e5a8][/] image/png parse error -> I/O error reading PNG header! -> Bad PNG signature!
2025-12-21 20:29:12,383 [ERROR] [b8534bf92e1752ba43a434e0c55816e][/] TIKA-198: Illegal IOException from org.apache.tika.parser.microsoft.OfficeParser@636480c8 -> Invalid header signature; read 0x0000000000000002, expected 0xE11AB1A1E011CFD0 - Your file appears not to be a valid OLE2 document
2025-12-21 20:29:12,423 [ERROR] [1fbd68c86b3a4c682234a73d97a13f7c][/] TIKA-198: Illegal IOException from org.apache.tika.parser.pdf.PDFParser@61ddfe70 -> Error: End-of-File, expected line
2025-12-21 20:29:12,766 [ERROR] [d7f96c318abccae119775b4583d8a55d][/] TIKA-198: Illegal IOException from org.apache.tika.parser.pdf.PDFParser@61ddfe70 -> Error: End-of-File, expected line
2025-12-21 20:29:12,990 [ERROR] [55dac3745378b6ffed8b19bb51c3f7c][/] Error creating OOXML extractor -> No valid entries or contents found, this is not a valid OOXML (Office Open XML) file -> Unexpected record signature: 0X2
2025-12-21 20:29:13,340 [ERROR] [61d2a96dfdbc759704259fda823fc6b][/] TIKA-198: Illegal IOException from org.apache.tika.parser.pdf.PDFParser@61ddfe70 -> Error: End-of-File, expected line
2025-12-21 20:29:13,418 [ERROR] [2acf8cd96ddea3772f52066646898f][/] Error creating OOXML extractor -> No valid entries or contents found, this is not a valid OOXML (Office Open XML) file -> Unexpected record signature: 0X2
2025-12-21 20:29:13,498 [ERROR] [b17092c76f495e9b7eeaceaa6e5d24][/] Error creating OOXML extractor -> No valid entries or contents found, this is not a valid OOXML (Office Open XML) file -> Unexpected record signature: 0X2
2025-12-21 20:29:13,559 [ERROR] [86b77abbfb85bd94672992545ab38d3][/] TIKA-198: Illegal IOException from org.apache.tika.parser.pdf.PDFParser@61ddfe70 -> Error: End-of-File, expected line
2025-12-21 20:29:13,672 [ERROR] [9fc05e65eb56c5dfe544b5faf8098c3][/] TIKA-198: Illegal IOException from org.apache.tika.parser.pdf.PDFParser@61ddfe70 -> Error: End-of-File, expected line
2025-12-21 20:29:13,693 [ERROR] [9ce2be5e865bd2a184319aac68d8141e][/] image/png parse error -> I/O error reading PNG header! -> Bad PNG signature!
2025-12-21 20:29:13,764 [ERROR] [ae5e2ff6609218476cf7fec5a387c30][/] TIKA-198: Illegal IOException from org.apache.tika.parser.pdf.PDFParser@61ddfe70 -> Error: End-of-File, expected line
2025-12-21 20:29:14,004 [ERROR] [6c4e6c2ca0cdec29d5c39bf1efcf1][/] TIKA-198: Illegal IOException from org.apache.tika.parser.pdf.PDFParser@61ddfe70 -> Error: End-of-File, expected line
2025-12-21 20:29:14,115 [ERROR] [2961cbc09c8cdafcff73ca32492b124][/] Error creating OOXML extractor -> No valid entries or contents found, this is not a valid OOXML (Office Open XML) file -> Unexpected record signature: 0X2
2025-12-21 20:29:14,185 [ERROR] [8ce342ce48b1f85164bc80f0da476f][/] Error creating OOXML extractor -> No valid entries or contents found, this is not a valid OOXML (Office Open XML) file -> Unexpected record signature: 0X2
2025-12-21 20:29:14,256 [ERROR] [8c3fea2ea55862e9724d432dc85adcd9][/] Unable to unpack document stream -> No Archiver found for the stream signature
2025-12-21 20:29:14,346 [ERROR] [9dcdaae95c82466c7719f6ad9ac6435][/] Error creating OOXML extractor -> No valid entries or contents found, this is not a valid OOXML (Office Open XML) file -> Unexpected record signature: 0X2
2025-12-21 20:29:39,087 [ERROR] [2769627f7337efbf1ab525c6beabeaff][/] TIKA-198: Illegal IOException from org.apache.tika.parser.sqlite3.SQLite3Parser@3b437aaa -> javax.sql.rowset.serial.SerialException: Invalid arguments: position cannot be less than 1 or greater than the length of the SerialBlob -> Invalid arguments: position cannot be less than 1 or greater than the length of the SerialBlob
2025-12-21 20:32:18,324 [ERROR] [9fa7db4ae64a6b4cd7cae97bff673553][/] can't copy beyond array length
2025-12-21 20:33:52,338 [ERROR] [5d9f5cbedc354dae32b16a345570f71e][/] Unable to process: document is encrypted -> Cannot decrypt PDF, the password is incorrect
2025-12-21 20:41:07,701 [ERROR] [d491abd3beb778f3c4d2251190c3f9da][/] TIKA-198: Illegal IOException from org.apache.tika.parser.pkg.PackageParser@327c1e8 -> Truncated ZIP file -> Truncated ZIP file -> Truncated ZIP file
2025-12-21 20:51:25,769 [ERROR] [cf322587888d1c34a9dbb81bb17324ac][/] Error creating OOXML extractor -> No valid entries or contents found, this is not a valid OOXML (Office Open XML) file -> Unexpected record signature: 0X2
2025-12-21 20:51:25,853 [ERROR] [86a28384f746939dc11a9a345a63c148][/] TIKA-198: Illegal IOException from org.apache.tika.parser.pdf.PDFParser@4d3397fd -> Error: End-of-File, expected line
2025-12-21 20:51:25,943 [ERROR] [47236b6c4d5e138abef8acbd4b557e79][/] Error creating OOXML extractor -> No valid entries or contents found, this is not a valid OOXML (Office Open XML) file -> Unexpected record signature: 0X2
2025-12-21 20:51:26,000 [ERROR] [cb7439526af4d8b5dcf8da94eec369][/] image/png parse error -> I/O error reading PNG header! -> Bad PNG signature!
2025-12-21 20:51:26,002 [ERROR] [76714d42b2b6a611ef2c1e267f4ed][/] image/png parse error -> I/O error reading PNG header! -> Bad PNG signature!
2025-12-21 20:51:26,026 [ERROR] [57daaa301ce53ca6ded5a42bad83433c][/] Error creating OOXML extractor -> No valid entries or contents found, this is not a valid OOXML (Office Open XML) file -> Unexpected record signature: 0X2
2025-12-21 20:51:26,265 [ERROR] [9f5ca7f06de86e19434fef3c2de9fea][/] TIKA-198: Illegal IOException from org.apache.tika.parser.pdf.PDFParser@4d3397fd -> Error: End-of-File, expected line
2025-12-21 20:51:26,326 [ERROR] [44f8011e966ecfe653bdb838b5f3635][/] Error creating OOXML extractor -> No valid entries or contents found, this is not a valid OOXML (Office Open XML) file -> Unexpected record signature: 0X2
2025-12-21 20:51:26,347 [ERROR] [c5a2d113e563aad39ccac029d3f44c6d][/] Error creating OOXML extractor -> No valid entries or contents found, this is not a valid OOXML (Office Open XML) file -> Unexpected record signature: 0X2
2025-12-21 20:51:26,666 [ERROR] [218c385167cafcd034eb326233c710][/] Error creating OOXML extractor -> No valid entries or contents found, this is not a valid OOXML (Office Open XML) file -> Unexpected record signature: 0X2
2025-12-21 20:51:26,693 [ERROR] [f11b4bd0fae96b892ec8e7a745308bd9][/] XML parse error -> Content is not allowed in prolog.
2025-12-21 20:51:26,861 [ERROR] [6d7f2a3a8f78b349fc23a46af13bd0cd][/] image/png parse error -> I/O error reading PNG header! -> Bad PNG signature!
2025-12-21 20:51:26,895 [ERROR] [52328fd06b8e28493981e7b51f6e3fd1][/] image/png parse error -> I/O error reading PNG header! -> Bad PNG signature!
2025-12-21 20:51:26,917 [ERROR] [198a2f169c9a19c9d8dea99c6e4252a6][/] TIKA-198: Illegal IOException from org.apache.tika.parser.pdf.PDFParser@4d3397fd -> Error: End-of-File, expected line
2025-12-21 20:51:27,166 [ERROR] [f3e017188830d74590e13f3c800544c][/] Error creating OOXML extractor -> No valid entries or contents found, this is not a valid OOXML (Office Open XML) file -> Unexpected record signature: 0X2
2025-12-21 20:51:27,205 [ERROR] [e0488a4422bd47e963cbaf9af089e4c6][/] Error creating OOXML extractor -> No valid entries or contents found, this is not a valid OOXML (Office Open XML) file -> Unexpected record signature: 0X2
2025-12-21 20:51:27,259 [ERROR] [de6114db3116d793f364c2e3896852f][/] Error creating OOXML extractor -> No valid entries or contents found, this is not a valid OOXML (Office Open XML) file -> Unexpected record signature: 0X2
2025-12-21 20:51:27,308 [ERROR] [7862fcf01219c665928a7cdb53b54154][/] TIKA-198: Illegal IOException from org.apache.tika.parser.pdf.PDFParser@4d3397fd -> Error: End-of-File, expected line
2025-12-21 20:51:27,500 [ERROR] [d41cb68f4c50fdcaf7bdb64c579c17e][/] image/png parse error -> I/O error reading PNG header! -> Bad PNG signature!
2025-12-21 20:51:27,536 [ERROR] [792fc2e126b7d24974ac4781d04fb8a][/] image/png parse error -> I/O error reading PNG header! -> Bad PNG signature!
2025-12-21 20:51:27,586 [ERROR] [83e11648b72311e41c6ff3eb546f3eb][/] Error creating OOXML extractor -> No valid entries or contents found, this is not a valid OOXML (Office Open XML) file -> Unexpected record signature: 0X2
2025-12-21 20:51:27,636 [ERROR] [28e2f8b1668f49f73edeadf2a5a021f4][/] image/png parse error -> I/O error reading PNG header! -> Bad PNG signature!
2025-12-21 20:51:27,688 [ERROR] [379127ecf5d330cdee498461c2e192f][/] TIKA-198: Illegal IOException from org.apache.tika.parser.pdf.PDFParser@4d3397fd -> Error: End-of-File, expected line
2025-12-21 20:51:27,691 [ERROR] [18c75b9551af4642dee75a6db733e5a8][/] image/png parse error -> I/O error reading PNG header! -> Bad PNG signature!
2025-12-21 20:51:27,769 [ERROR] [b8534bf92e1752ba43a434e0c55816e][/] TIKA-198: Illegal IOException from org.apache.tika.parser.microsoft.OfficeParser@634f56f3 -> Invalid header signature; read 0x0000000000000002, expected 0xE11AB1A1E011CFD0 - Your file appears not to be a valid OLE2 document
2025-12-21 20:51:27,797 [ERROR] [1fbd68c86b3a4c682234a73d97a13f7c][/] TIKA-198: Illegal IOException from org.apache.tika.parser.pdf.PDFParser@4d3397fd -> Error: End-of-File, expected line
2025-12-21 20:51:28,115 [ERROR] [d7f96c318abccae119775b4583d8a55d][/] TIKA-198: Illegal IOException from org.apache.tika.parser.pdf.PDFParser@4d3397fd -> Error: End-of-File, expected line
2025-12-21 20:51:28,270 [ERROR] [55dac3745378b6ffed8b19bb51c3f7c][/] Error creating OOXML extractor -> No valid entries or contents found, this is not a valid OOXML (Office Open XML) file -> Unexpected record signature: 0X2
2025-12-21 20:51:28,486 [ERROR] [61d2a96dfdbc759704259fda823fc6b][/] TIKA-198: Illegal IOException from org.apache.tika.parser.pdf.PDFParser@4d3397fd -> Error: End-of-File, expected line
2025-12-21 20:51:28,544 [ERROR] [2acf8cd96ddea3772f52066646898f][/] Error creating OOXML extractor -> No valid entries or contents found, this is not a valid OOXML (Office Open XML) file -> Unexpected record signature: 0X2
2025-12-21 20:51:28,609 [ERROR] [b17092c76f495e9b7eeaceaa6e5d24][/] Error creating OOXML extractor -> No valid entries or contents found, this is not a valid OOXML (Office Open XML) file -> Unexpected record signature: 0X2
2025-12-21 20:51:28,675 [ERROR] [86b77abbfb85bd94672992545ab38d3][/] TIKA-198: Illegal IOException from org.apache.tika.parser.pdf.PDFParser@4d3397fd -> Error: End-of-File, expected line
2025-12-21 20:51:28,763 [ERROR] [9fc05e65eb56c5dfe544b5faf8098c3][/] TIKA-198: Illegal IOException from org.apache.tika.parser.pdf.PDFParser@4d3397fd -> Error: End-of-File, expected line
2025-12-21 20:51:28,786 [ERROR] [9ce2be5e865bd2a184319aac68d8141e][/] image/png parse error -> I/O error reading PNG header! -> Bad PNG signature!
2025-12-21 20:51:28,824 [ERROR] [ae5e2ff6609218476cf7fec5a387c30][/] TIKA-198: Illegal IOException from org.apache.tika.parser.pdf.PDFParser@4d3397fd -> Error: End-of-File, expected line
2025-12-21 20:51:28,976 [ERROR] [6c4e6c2ca0cdec29d5c39bf1efcf1][/] TIKA-198: Illegal IOException from org.apache.tika.parser.pdf.PDFParser@4d3397fd -> Error: End-of-File, expected line
2025-12-21 20:51:29,086 [ERROR] [2961cbc09c8cdafcff73ca32492b124][/] Error creating OOXML extractor -> No valid entries or contents found, this is not a valid OOXML (Office Open XML) file -> Unexpected record signature: 0X2
2025-12-21 20:51:29,140 [ERROR] [8ce342ce48b1f85164bc80f0da476f][/] Error creating OOXML extractor -> No valid entries or contents found, this is not a valid OOXML (Office Open XML) file -> Unexpected record signature: 0X2
2025-12-21 20:51:29,174 [ERROR] [8c3fea2ea55862e9724d432dc85adcd9][/] Unable to unpack document stream -> No Archiver found for the stream signature
2025-12-21 20:51:29,250 [ERROR] [9dcdaae95c82466c7719f6ad9ac6435][/] Error creating OOXML extractor -> No valid entries or contents found, this is not a valid OOXML (Office Open XML) file -> Unexpected record signature: 0X2
2025-12-21 20:51:49,108 [ERROR] [2769627f7337efbf1ab525c6beabeaff][/] TIKA-198: Illegal IOException from org.apache.tika.parser.sqlite3.SQLite3Parser@2d3bef4 -> javax.sql.rowset.serial.SerialException: Invalid arguments: position cannot be less than 1 or greater than the length of the SerialBlob -> Invalid arguments: position cannot be less than 1 or greater than the length of the SerialBlob
2025-12-21 21:02:13,957 [ERROR] [cf322587888d1c34a9dbb81bb17324ac][/] Error creating OOXML extractor -> No valid entries or contents found, this is not a valid OOXML (Office Open XML) file -> Unexpected record signature: 0X2
2025-12-21 21:02:14,033 [ERROR] [86a28384f746939dc11a9a345a63c148][/] TIKA-198: Illegal IOException from org.apache.tika.parser.pdf.PDFParser@416a1fd6 -> Error: End-of-File, expected line
2025-12-21 21:02:14,129 [ERROR] [47236b6c4d5e138abef8acbd4b557e79][/] Error creating OOXML extractor -> No valid entries or contents found, this is not a valid OOXML (Office Open XML) file -> Unexpected record signature: 0X2
2025-12-21 21:02:14,196 [ERROR] [cb7439526af4d8b5dcf8da94eec369][/] image/png parse error -> I/O error reading PNG header! -> Bad PNG signature!
2025-12-21 21:02:14,204 [ERROR] [76714d42b2b6a611ef2c1e267f4ed][/] image/png parse error -> I/O error reading PNG header! -> Bad PNG signature!
2025-12-21 21:02:14,212 [ERROR] [57daaa301ce53ca6ded5a42bad83433c][/] Error creating OOXML extractor -> No valid entries or contents found, this is not a valid OOXML (Office Open XML) file -> Unexpected record signature: 0X2
2025-12-21 21:02:14,297 [ERROR] [9f5ca7f06de86e19434fef3c2de9fea][/] TIKA-198: Illegal IOException from org.apache.tika.parser.pdf.PDFParser@416a1fd6 -> Error: End-of-File, expected line
2025-12-21 21:02:14,309 [ERROR] [44f8011e966ecfe653bdb838b5f3635][/] Error creating OOXML extractor -> No valid entries or contents found, this is not a valid OOXML (Office Open XML) file -> Unexpected record signature: 0X2
2025-12-21 21:02:14,316 [ERROR] [c5a2d113e563aad39ccac029d3f44c6d][/] Error creating OOXML extractor -> No valid entries or contents found, this is not a valid OOXML (Office Open XML) file -> Unexpected record signature: 0X2
2025-12-21 21:02:14,393 [ERROR] [218c385167cafcd034eb326233c710][/] Error creating OOXML extractor -> No valid entries or contents found, this is not a valid OOXML (Office Open XML) file -> Unexpected record signature: 0X2
2025-12-21 21:02:14,419 [ERROR] [f11b4bd0fae96b892ec8e7a745308bd9][/] XML parse error -> Content is not allowed in prolog.
2025-12-21 21:02:14,452 [ERROR] [6d7f2a3a8f78b349fc23a46af13bd0cd][/] image/png parse error -> I/O error reading PNG header! -> Bad PNG signature!
2025-12-21 21:02:14,475 [ERROR] [52328fd06b8e28493981e7b51f6e3fd1][/] image/png parse error -> I/O error reading PNG header! -> Bad PNG signature!
2025-12-21 21:02:14,489 [ERROR] [198a2f169c9a19c9d8dea99c6e4252a6][/] TIKA-198: Illegal IOException from org.apache.tika.parser.pdf.PDFParser@416a1fd6 -> Error: End-of-File, expected line
2025-12-21 21:02:14,673 [ERROR] [f3e017188830d74590e13f3c800544c][/] Error creating OOXML extractor -> No valid entries or contents found, this is not a valid OOXML (Office Open XML) file -> Unexpected record signature: 0X2
2025-12-21 21:02:14,673 [ERROR] [e0488a4422bd47e963cbaf9af089e4c6][/] Error creating OOXML extractor -> No valid entries or contents found, this is not a valid OOXML (Office Open XML) file -> Unexpected record signature: 0X2
2025-12-21 21:02:14,683 [ERROR] [de6114db3116d793f364c2e3896852f][/] Error creating OOXML extractor -> No valid entries or contents found, this is not a valid OOXML (Office Open XML) file -> Unexpected record signature: 0X2
2025-12-21 21:02:14,691 [ERROR] [7862fcf01219c665928a7cdb53b54154][/] TIKA-198: Illegal IOException from org.apache.tika.parser.pdf.PDFParser@416a1fd6 -> Error: End-of-File, expected line
2025-12-21 21:02:14,730 [ERROR] [d41cb68f4c50fdcaf7bdb64c579c17e][/] image/png parse error -> I/O error reading PNG header! -> Bad PNG signature!
2025-12-21 21:02:14,735 [ERROR] [792fc2e126b7d24974ac4781d04fb8a][/] image/png parse error -> I/O error reading PNG header! -> Bad PNG signature!
2025-12-21 21:02:14,744 [ERROR] [83e11648b72311e41c6ff3eb546f3eb][/] Error creating OOXML extractor -> No valid entries or contents found, this is not a valid OOXML (Office Open XML) file -> Unexpected record signature: 0X2
2025-12-21 21:02:14,753 [ERROR] [28e2f8b1668f49f73edeadf2a5a021f4][/] image/png parse error -> I/O error reading PNG header! -> Bad PNG signature!
2025-12-21 21:02:14,776 [ERROR] [379127ecf5d330cdee498461c2e192f][/] TIKA-198: Illegal IOException from org.apache.tika.parser.pdf.PDFParser@416a1fd6 -> Error: End-of-File, expected line
2025-12-21 21:02:14,780 [ERROR] [18c75b9551af4642dee75a6db733e5a8][/] image/png parse error -> I/O error reading PNG header! -> Bad PNG signature!
2025-12-21 21:02:14,808 [ERROR] [b8534bf92e1752ba43a434e0c55816e][/] TIKA-198: Illegal IOException from org.apache.tika.parser.microsoft.OfficeParser@2e546a1f -> Invalid header signature; read 0x0000000000000002, expected 0xE11AB1A1E011CFD0 - Your file appears not to be a valid OLE2 document
2025-12-21 21:02:14,820 [ERROR] [1fbd68c86b3a4c682234a73d97a13f7c][/] TIKA-198: Illegal IOException from org.apache.tika.parser.pdf.PDFParser@416a1fd6 -> Error: End-of-File, expected line
2025-12-21 21:02:14,869 [ERROR] [d7f96c318abccae119775b4583d8a55d][/] TIKA-198: Illegal IOException from org.apache.tika.parser.pdf.PDFParser@416a1fd6 -> Error: End-of-File, expected line
2025-12-21 21:02:14,891 [ERROR] [55dac3745378b6ffed8b19bb51c3f7c][/] Error creating OOXML extractor -> No valid entries or contents found, this is not a valid OOXML (Office Open XML) file -> Unexpected record signature: 0X2
2025-12-21 21:02:14,949 [ERROR] [61d2a96dfdbc759704259fda823fc6b][/] TIKA-198: Illegal IOException from org.apache.tika.parser.pdf.PDFParser@416a1fd6 -> Error: End-of-File, expected line
2025-12-21 21:02:14,960 [ERROR] [2acf8cd96ddea3772f52066646898f][/] Error creating OOXML extractor -> No valid entries or contents found, this is not a valid OOXML (Office Open XML) file -> Unexpected record signature: 0X2
2025-12-21 21:02:14,974 [ERROR] [b17092c76f495e9b7eeaceaa6e5d24][/] Error creating OOXML extractor -> No valid entries or contents found, this is not a valid OOXML (Office Open XML) file -> Unexpected record signature: 0X2
2025-12-21 21:02:14,986 [ERROR] [86b77abbfb85bd94672992545ab38d3][/] TIKA-198: Illegal IOException from org.apache.tika.parser.pdf.PDFParser@416a1fd6 -> Error: End-of-File, expected line
2025-12-21 21:02:15,012 [ERROR] [9fc05e65eb56c5dfe544b5faf8098c3][/] TIKA-198: Illegal IOException from org.apache.tika.parser.pdf.PDFParser@416a1fd6 -> Error: End-of-File, expected line
2025-12-21 21:02:15,024 [ERROR] [9ce2be5e865bd2a184319aac68d8141e][/] image/png parse error -> I/O error reading PNG header! -> Bad PNG signature!
2025-12-21 21:02:15,041 [ERROR] [ae5e2ff6609218476cf7fec5a387c30][/] TIKA-198: Illegal IOException from org.apache.tika.parser.pdf.PDFParser@416a1fd6 -> Error: End-of-File, expected line
2025-12-21 21:02:15,086 [ERROR] [6c4e6c2ca0cdec29d5c39bf1efcf1][/] TIKA-198: Illegal IOException from org.apache.tika.parser.pdf.PDFParser@416a1fd6 -> Error: End-of-File, expected line
2025-12-21 21:02:15,105 [ERROR] [2961cbc09c8cdafcff73ca32492b124][/] Error creating OOXML extractor -> No valid entries or contents found, this is not a valid OOXML (Office Open XML) file -> Unexpected record signature: 0X2
2025-12-21 21:02:15,108 [ERROR] [8ce342ce48b1f85164bc80f0da476f][/] Error creating OOXML extractor -> No valid entries or contents found, this is not a valid OOXML (Office Open XML) file -> Unexpected record signature: 0X2
2025-12-21 21:02:15,125 [ERROR] [8c3fea2ea55862e9724d432dc85adcd9][/] Unable to unpack document stream -> No Archiver found for the stream signature
2025-12-21 21:02:15,144 [ERROR] [9dcdaae95c82466c7719f6ad9ac6435][/] Error creating OOXML extractor -> No valid entries or contents found, this is not a valid OOXML (Office Open XML) file -> Unexpected record signature: 0X2
2025-12-21 21:02:25,336 [ERROR] [2769627f7337efbf1ab525c6beabeaff][/] TIKA-198: Illegal IOException from org.apache.tika.parser.sqlite3.SQLite3Parser@6637ed5e -> javax.sql.rowset.serial.SerialException: Invalid arguments: position cannot be less than 1 or greater than the length of the SerialBlob -> Invalid arguments: position cannot be less than 1 or greater than the length of the SerialBlob
2025-12-21 21:03:19,368 [ERROR] [9fa7db4ae64a6b4cd7cae97bff673553][/] can't copy beyond array length
2025-12-21 21:03:37,111 [ERROR] [5d9f5cbedc354dae32b16a345570f71e][/] Unable to process: document is encrypted -> Cannot decrypt PDF, the password is incorrect
2025-12-21 21:05:08,957 [ERROR] [d491abd3beb778f3c4d2251190c3f9da][/] TIKA-198: Illegal IOException from org.apache.tika.parser.pkg.PackageParser@62e56535 -> Truncated ZIP file -> Truncated ZIP file -> Truncated ZIP file
2025-12-21 21:10:50,016 [ERROR] [cf322587888d1c34a9dbb81bb17324ac][/] Error creating OOXML extractor -> No valid entries or contents found, this is not a valid OOXML (Office Open XML) file -> Unexpected record signature: 0X2
2025-12-21 21:10:50,182 [ERROR] [86a28384f746939dc11a9a345a63c148][/] TIKA-198: Illegal IOException from org.apache.tika.parser.pdf.PDFParser@61ddfe70 -> Error: End-of-File, expected line
2025-12-21 21:10:50,285 [ERROR] [47236b6c4d5e138abef8acbd4b557e79][/] Error creating OOXML extractor -> No valid entries or contents found, this is not a valid OOXML (Office Open XML) file -> Unexpected record signature: 0X2
2025-12-21 21:10:50,391 [ERROR] [cb7439526af4d8b5dcf8da94eec369][/] image/png parse error -> I/O error reading PNG header! -> Bad PNG signature!
2025-12-21 21:10:50,391 [ERROR] [76714d42b2b6a611ef2c1e267f4ed][/] image/png parse error -> I/O error reading PNG header! -> Bad PNG signature!
2025-12-21 21:10:50,410 [ERROR] [57daaa301ce53ca6ded5a42bad83433c][/] Error creating OOXML extractor -> No valid entries or contents found, this is not a valid OOXML (Office Open XML) file -> Unexpected record signature: 0X2
2025-12-21 21:10:50,495 [ERROR] [9f5ca7f06de86e19434fef3c2de9fea][/] TIKA-198: Illegal IOException from org.apache.tika.parser.pdf.PDFParser@61ddfe70 -> Error: End-of-File, expected line
2025-12-21 21:10:50,503 [ERROR] [44f8011e966ecfe653bdb838b5f3635][/] Error creating OOXML extractor -> No valid entries or contents found, this is not a valid OOXML (Office Open XML) file -> Unexpected record signature: 0X2
2025-12-21 21:10:50,514 [ERROR] [c5a2d113e563aad39ccac029d3f44c6d][/] Error creating OOXML extractor -> No valid entries or contents found, this is not a valid OOXML (Office Open XML) file -> Unexpected record signature: 0X2
2025-12-21 21:10:50,610 [ERROR] [218c385167cafcd034eb326233c710][/] Error creating OOXML extractor -> No valid entries or contents found, this is not a valid OOXML (Office Open XML) file -> Unexpected record signature: 0X2
2025-12-21 21:10:50,653 [ERROR] [f11b4bd0fae96b892ec8e7a745308bd9][/] XML parse error -> Content is not allowed in prolog.
2025-12-21 21:10:50,705 [ERROR] [6d7f2a3a8f78b349fc23a46af13bd0cd][/] image/png parse error -> I/O error reading PNG header! -> Bad PNG signature!
2025-12-21 21:10:50,726 [ERROR] [52328fd06b8e28493981e7b51f6e3fd1][/] image/png parse error -> I/O error reading PNG header! -> Bad PNG signature!
2025-12-21 21:10:50,734 [ERROR] [198a2f169c9a19c9d8dea99c6e4252a6][/] TIKA-198: Illegal IOException from org.apache.tika.parser.pdf.PDFParser@61ddfe70 -> Error: End-of-File, expected line
2025-12-21 21:10:50,970 [ERROR] [f3e017188830d74590e13f3c800544c][/] Error creating OOXML extractor -> No valid entries or contents found, this is not a valid OOXML (Office Open XML) file -> Unexpected record signature: 0X2
2025-12-21 21:10:50,981 [ERROR] [e0488a4422bd47e963cbaf9af089e4c6][/] Error creating OOXML extractor -> No valid entries or contents found, this is not a valid OOXML (Office Open XML) file -> Unexpected record signature: 0X2
2025-12-21 21:10:50,997 [ERROR] [de6114db3116d793f364c2e3896852f][/] Error creating OOXML extractor -> No valid entries or contents found, this is not a valid OOXML (Office Open XML) file -> Unexpected record signature: 0X2
2025-12-21 21:10:51,014 [ERROR] [7862fcf01219c665928a7cdb53b54154][/] TIKA-198: Illegal IOException from org.apache.tika.parser.pdf.PDFParser@61ddfe70 -> Error: End-of-File, expected line
2025-12-21 21:10:51,072 [ERROR] [d41cb68f4c50fdcaf7bdb64c579c17e][/] image/png parse error -> I/O error reading PNG header! -> Bad PNG signature!
2025-12-21 21:10:51,085 [ERROR] [792fc2e126b7d24974ac4781d04fb8a][/] image/png parse error -> I/O error reading PNG header! -> Bad PNG signature!
2025-12-21 21:10:51,100 [ERROR] [83e11648b72311e41c6ff3eb546f3eb][/] Error creating OOXML extractor -> No valid entries or contents found, this is not a valid OOXML (Office Open XML) file -> Unexpected record signature: 0X2
2025-12-21 21:10:51,120 [ERROR] [28e2f8b1668f49f73edeadf2a5a021f4][/] image/png parse error -> I/O error reading PNG header! -> Bad PNG signature!
2025-12-21 21:10:51,142 [ERROR] [379127ecf5d330cdee498461c2e192f][/] TIKA-198: Illegal IOException from org.apache.tika.parser.pdf.PDFParser@61ddfe70 -> Error: End-of-File, expected line
2025-12-21 21:10:51,149 [ERROR] [18c75b9551af4642dee75a6db733e5a8][/] image/png parse error -> I/O error reading PNG header! -> Bad PNG signature!
2025-12-21 21:10:51,198 [ERROR] [b8534bf92e1752ba43a434e0c55816e][/] TIKA-198: Illegal IOException from org.apache.tika.parser.microsoft.OfficeParser@636480c8 -> Invalid header signature; read 0x0000000000000002, expected 0xE11AB1A1E011CFD0 - Your file appears not to be a valid OLE2 document
2025-12-21 21:10:51,204 [ERROR] [1fbd68c86b3a4c682234a73d97a13f7c][/] TIKA-198: Illegal IOException from org.apache.tika.parser.pdf.PDFParser@61ddfe70 -> Error: End-of-File, expected line
2025-12-21 21:10:51,253 [ERROR] [d7f96c318abccae119775b4583d8a55d][/] TIKA-198: Illegal IOException from org.apache.tika.parser.pdf.PDFParser@61ddfe70 -> Error: End-of-File, expected line
2025-12-21 21:10:51,290 [ERROR] [55dac3745378b6ffed8b19bb51c3f7c][/] Error creating OOXML extractor -> No valid entries or contents found, this is not a valid OOXML (Office Open XML) file -> Unexpected record signature: 0X2
2025-12-21 21:10:51,358 [ERROR] [61d2a96dfdbc759704259fda823fc6b][/] TIKA-198: Illegal IOException from org.apache.tika.parser.pdf.PDFParser@61ddfe70 -> Error: End-of-File, expected line
2025-12-21 21:10:51,375 [ERROR] [2acf8cd96ddea3772f52066646898f][/] Error creating OOXML extractor -> No valid entries or contents found, this is not a valid OOXML (Office Open XML) file -> Unexpected record signature: 0X2
2025-12-21 21:10:51,387 [ERROR] [b17092c76f495e9b7eeaceaa6e5d24][/] Error creating OOXML extractor -> No valid entries or contents found, this is not a valid OOXML (Office Open XML) file -> Unexpected record signature: 0X2
2025-12-21 21:10:51,407 [ERROR] [86b77abbfb85bd94672992545ab38d3][/] TIKA-198: Illegal IOException from org.apache.tika.parser.pdf.PDFParser@61ddfe70 -> Error: End-of-File, expected line
2025-12-21 21:10:51,436 [ERROR] [9fc05e65eb56c5dfe544b5faf8098c3][/] TIKA-198: Illegal IOException from org.apache.tika.parser.pdf.PDFParser@61ddfe70 -> Error: End-of-File, expected line
2025-12-21 21:10:51,446 [ERROR] [9ce2be5e865bd2a184319aac68d8141e][/] image/png parse error -> I/O error reading PNG header! -> Bad PNG signature!
2025-12-21 21:10:51,456 [ERROR] [ae5e2ff6609218476cf7fec5a387c30][/] TIKA-198: Illegal IOException from org.apache.tika.parser.pdf.PDFParser@61ddfe70 -> Error: End-of-File, expected line
2025-12-21 21:10:51,488 [ERROR] [6c4e6c2ca0cdec29d5c39bf1efcf1][/] TIKA-198: Illegal IOException from org.apache.tika.parser.pdf.PDFParser@61ddfe70 -> Error: End-of-File, expected line
2025-12-21 21:10:51,501 [ERROR] [2961cbc09c8cdafcff73ca32492b124][/] Error creating OOXML extractor -> No valid entries or contents found, this is not a valid OOXML (Office Open XML) file -> Unexpected record signature: 0X2
2025-12-21 21:10:51,520 [ERROR] [8ce342ce48b1f85164bc80f0da476f][/] Error creating OOXML extractor -> No valid entries or contents found, this is not a valid OOXML (Office Open XML) file -> Unexpected record signature: 0X2
2025-12-21 21:10:51,524 [ERROR] [8c3fea2ea55862e9724d432dc85adcd9][/] Unable to unpack document stream -> No Archiver found for the stream signature
2025-12-21 21:10:51,541 [ERROR] [9dcdaae95c82466c7719f6ad9ac6435][/] Error creating OOXML extractor -> No valid entries or contents found, this is not a valid OOXML (Office Open XML) file -> Unexpected record signature: 0X2
2025-12-21 21:11:01,506 [ERROR] [2769627f7337efbf1ab525c6beabeaff][/] TIKA-198: Illegal IOException from org.apache.tika.parser.sqlite3.SQLite3Parser@3eb0a8b9 -> javax.sql.rowset.serial.SerialException: Invalid arguments: position cannot be less than 1 or greater than the length of the SerialBlob -> Invalid arguments: position cannot be less than 1 or greater than the length of the SerialBlob
2025-12-21 21:11:32,149 [ERROR] [9fa7db4ae64a6b4cd7cae97bff673553][/] can't copy beyond array length
2025-12-21 21:11:50,465 [ERROR] [5d9f5cbedc354dae32b16a345570f71e][/] Unable to process: document is encrypted -> Cannot decrypt PDF, the password is incorrect
2025-12-21 21:13:22,032 [ERROR] [d491abd3beb778f3c4d2251190c3f9da][/] TIKA-198: Illegal IOException from org.apache.tika.parser.pkg.PackageParser@2ae45bde -> Truncated ZIP file -> Truncated ZIP file -> Truncated ZIP file
2025-12-21 21:17:50,753 [ERROR] [d491abd3beb778f3c4d2251190c3f9da][/] TIKA-198: Illegal IOException from org.apache.tika.parser.pkg.PackageParser@160f1141 -> Truncated ZIP file -> Truncated ZIP file -> Truncated ZIP file
